<?xml version="1.0" encoding="UTF-8"?>
<testsuites name="jest tests" tests="21" failures="0" errors="0" time="2.795">
  <testsuite name="tests/mcard_service_content.test.js" errors="0" failures="0" skipped="0" timestamp="2024-12-09T12:03:02" time="1.624" tests="13">
    <testcase classname="MCard Content Operations › Text Content Cards" name="should create a card with plain text" time="0.338">
    </testcase>
    <testcase classname="MCard Content Operations › Text Content Cards" name="should create a card with JSON content" time="0.005">
    </testcase>
    <testcase classname="MCard Content Operations › Text Content Cards" name="should create a card with XML content" time="0.004">
    </testcase>
    <testcase classname="MCard Content Operations › Binary Content Cards" name="should create a card with PDF content" time="0.007">
    </testcase>
    <testcase classname="MCard Content Operations › Binary Content Cards" name="should create a card with SVG content" time="0.005">
    </testcase>
    <testcase classname="MCard Content Operations › Binary Content Cards" name="should create a card with JPG content" time="0.004">
    </testcase>
    <testcase classname="MCard Content Operations › Binary Content Cards" name="should create a card with PNG content" time="0.004">
    </testcase>
    <testcase classname="MCard Content Operations › Large and Edge Case Content" name="should handle large text content" time="0.022">
    </testcase>
    <testcase classname="MCard Content Operations › Large and Edge Case Content" name="should handle base64 encoded content" time="0.006">
    </testcase>
    <testcase classname="MCard Content Operations › Large and Edge Case Content" name="should handle empty content" time="0.105">
    </testcase>
    <testcase classname="MCard Content Operations › Card Retrieval and Listing" name="should retrieve a specific card" time="0.009">
    </testcase>
    <testcase classname="MCard Content Operations › Card Retrieval and Listing" name="should list cards" time="0.062">
    </testcase>
    <testcase classname="MCard Content Operations › Error Handling in Card Operations" name="should handle retrieving non-existent card" time="0.005">
    </testcase>
  </testsuite>
  <testsuite name="tests/mcard_service_persistent.test.js" errors="0" failures="0" skipped="0" timestamp="2024-12-09T12:03:04" time="1.103" tests="4">
    <testcase classname="MCard Persistent Database Tests › Persistent Database Behavior" name="should have a database file created" time="0.001">
    </testcase>
    <testcase classname="MCard Persistent Database Tests › Persistent Database Behavior" name="should persist cards across test runs" time="0.315">
    </testcase>
    <testcase classname="MCard Persistent Database Tests › Persistent Database Behavior" name="should show previously created cards" time="0.011">
    </testcase>
    <testcase classname="MCard Persistent Database Tests › Database File Inspection" name="should provide database file details" time="0.001">
    </testcase>
  </testsuite>
  <testsuite name="tests/mcard_service_proxy.test.js" errors="0" failures="0" skipped="0" timestamp="2024-12-09T12:03:05" time="0.033" tests="4">
    <testcase classname="MCard Service Validation › API Key Validation" name="validates API keys correctly" time="0.002">
    </testcase>
    <testcase classname="MCard Service Validation › Port Number Validation" name="validates port numbers" time="0">
    </testcase>
    <testcase classname="MCard Service Validation › Database Path Validation" name="validates database paths" time="0">
    </testcase>
    <testcase classname="MCard Service Validation › Network Connectivity" name="checks network connectivity" time="0.001">
    </testcase>
  </testsuite>
</testsuites>