<?xml version="1.0" encoding="UTF-8"?>
<testsuites name="jest tests" tests="22" failures="0" errors="0" time="0.234">
  <testsuite name="tests/enhanced-client.test.js" errors="0" failures="0" skipped="0" timestamp="2024-12-08T15:52:16" time="0.215" tests="22">
    <testcase classname="Enhanced MCard Client › Error Handling" name="should throw ValidationError for empty content" time="0.013">
    </testcase>
    <testcase classname="Enhanced MCard Client › Error Handling" name="should throw ValidationError for extremely long content" time="0.001">
    </testcase>
    <testcase classname="Enhanced MCard Client › Error Handling" name="should throw NotFoundError for non-existent card" time="0.056">
    </testcase>
    <testcase classname="Enhanced MCard Client › Error Handling" name="should throw AuthorizationError for invalid API key" time="0.003">
    </testcase>
    <testcase classname="Enhanced MCard Client › Error Handling" name="should throw NetworkError for network connectivity issues" time="0.003">
    </testcase>
    <testcase classname="Enhanced MCard Client › Error Handling" name="should handle unexpected server errors" time="0.005">
    </testcase>
    <testcase classname="Enhanced MCard Client › Content Validation" name="should validate content length" time="0">
    </testcase>
    <testcase classname="Enhanced MCard Client › Content Validation" name="should allow custom content validators" time="0.002">
    </testcase>
    <testcase classname="Enhanced MCard Client › Content Validation" name="should validate content with special characters" time="0.001">
    </testcase>
    <testcase classname="Enhanced MCard Client › Metrics Tracking" name="should track successful requests" time="0.001">
    </testcase>
    <testcase classname="Enhanced MCard Client › Metrics Tracking" name="should track failed requests" time="0.002">
    </testcase>
    <testcase classname="Enhanced MCard Client › Metrics Tracking" name="should track multiple requests" time="0.003">
    </testcase>
    <testcase classname="Enhanced MCard Client › Metrics Tracking" name="should reset metrics" time="0.001">
    </testcase>
    <testcase classname="Enhanced MCard Client › Logging" name="should log debug information when debug is enabled" time="0.001">
    </testcase>
    <testcase classname="Enhanced MCard Client › Logging" name="should not log debug information when debug is disabled" time="0.001">
    </testcase>
    <testcase classname="Enhanced MCard Client › Client Configuration" name="should allow custom base URL" time="0.001">
    </testcase>
    <testcase classname="Enhanced MCard Client › Client Configuration" name="should use default configuration when no options provided" time="0.003">
    </testcase>
    <testcase classname="Enhanced MCard Client › Client Configuration" name="should allow custom timeout configuration" time="0">
    </testcase>
    <testcase classname="Enhanced MCard Client › Card Operations" name="should create a card successfully" time="0.001">
    </testcase>
    <testcase classname="Enhanced MCard Client › Card Operations" name="should get a card successfully" time="0.001">
    </testcase>
    <testcase classname="Enhanced MCard Client › Card Operations" name="should delete a card successfully" time="0.001">
    </testcase>
    <testcase classname="Enhanced MCard Client › Card Operations" name="should create a card with metadata" time="0.001">
    </testcase>
  </testsuite>
</testsuites>