<?xml version="1.0" encoding="UTF-8"?>
<testsuites name="jest tests" tests="34" failures="0" errors="0" time="6.104">
  <testsuite name="tests/content.types.test.js" errors="0" failures="0" skipped="0" timestamp="2024-12-08T10:26:58" time="1.859" tests="19">
    <testcase classname="MCard Client Content Types › Text Content" name="should handle plain text" time="0.024">
    </testcase>
    <testcase classname="MCard Client Content Types › Text Content" name="should handle long text" time="0.013">
    </testcase>
    <testcase classname="MCard Client Content Types › Text Content" name="should handle special characters" time="0.011">
    </testcase>
    <testcase classname="MCard Client Content Types › Text Content" name="should handle multi-language text" time="0.029">
    </testcase>
    <testcase classname="MCard Client Content Types › Structured Content" name="should handle JSON objects" time="0.019">
    </testcase>
    <testcase classname="MCard Client Content Types › Structured Content" name="should handle complex nested structures" time="0.037">
    </testcase>
    <testcase classname="MCard Client Content Types › Structured Content" name="should handle arrays of mixed types" time="0.011">
    </testcase>
    <testcase classname="MCard Client Content Types › Structured Content" name="should handle deeply nested objects" time="0.009">
    </testcase>
    <testcase classname="MCard Client Content Types › Binary Content" name="should handle base64 encoded binary" time="0.011">
    </testcase>
    <testcase classname="MCard Client Content Types › Binary Content" name="should handle large base64 encoded files" time="0.084">
    </testcase>
    <testcase classname="MCard Client Content Types › Binary Content" name="should handle multiple binary files" time="0.021">
    </testcase>
    <testcase classname="MCard Client Content Types › Edge Case Content" name="should handle null content" time="0.011">
    </testcase>
    <testcase classname="MCard Client Content Types › Edge Case Content" name="should handle undefined content" time="0.004">
    </testcase>
    <testcase classname="MCard Client Content Types › Edge Case Content" name="should handle circular references" time="0.003">
    </testcase>
    <testcase classname="MCard Client Content Types › Edge Case Content" name="should handle whitespace-only content" time="0.003">
    </testcase>
    <testcase classname="MCard Client Content Types › Edge Case Content" name="should handle numeric content" time="0.01">
    </testcase>
    <testcase classname="MCard Client Content Types › Edge Case Content" name="should handle boolean content" time="0.009">
    </testcase>
    <testcase classname="MCard Client Content Types › Error Handling" name="should reject empty string content" time="0.003">
    </testcase>
    <testcase classname="MCard Client Content Types › Error Handling" name="should handle content with special characters and escaping" time="0.008">
    </testcase>
  </testsuite>
  <testsuite name="tests/error-handling.test.js" errors="0" failures="0" skipped="0" timestamp="2024-12-08T10:27:00" time="1.406" tests="4">
    <testcase classname="MCard Client Error Handling › Input Validation" name="should reject null or undefined content" time="0.011">
    </testcase>
    <testcase classname="MCard Client Error Handling › Input Validation" name="should validate hash parameter" time="0.004">
    </testcase>
    <testcase classname="MCard Client Error Handling › Network Errors" name="should handle connection failures" time="0.008">
    </testcase>
    <testcase classname="MCard Client Error Handling › HTTP Status Errors" name="should handle 404 errors" time="0.007">
    </testcase>
  </testsuite>
  <testsuite name="tests/client.test.js" errors="0" failures="0" skipped="0" timestamp="2024-12-08T10:27:01" time="1.402" tests="6">
    <testcase classname="MCard Client Metrics › Metrics Tracking" name="should track total requests" time="0.004">
    </testcase>
    <testcase classname="MCard Client Metrics › Metrics Tracking" name="should track successful and failed requests" time="0.005">
    </testcase>
    <testcase classname="MCard Client Metrics › Metrics Tracking" name="should track response times" time="0.004">
    </testcase>
    <testcase classname="MCard Client Metrics › Metrics Tracking" name="should reset metrics correctly" time="0">
    </testcase>
    <testcase classname="MCard Client Metrics › Metrics Tracking" name="should maintain request history in debug mode" time="0.008">
    </testcase>
    <testcase classname="MCard Client Metrics › Retry and Failure Handling" name="should handle failed requests and track metrics correctly" time="0.001">
    </testcase>
  </testsuite>
  <testsuite name="tests/metrics.test.js" errors="0" failures="0" skipped="0" timestamp="2024-12-08T10:27:03" time="1.4" tests="5">
    <testcase classname="MCard Client Metrics › Metrics Tracking" name="should track total requests" time="0.004">
    </testcase>
    <testcase classname="MCard Client Metrics › Metrics Tracking" name="should track successful and failed requests" time="0.01">
    </testcase>
    <testcase classname="MCard Client Metrics › Metrics Tracking" name="should track response times" time="0.004">
    </testcase>
    <testcase classname="MCard Client Metrics › Metrics Tracking" name="should reset metrics correctly" time="0">
    </testcase>
    <testcase classname="MCard Client Metrics › Metrics Tracking" name="should maintain request history in debug mode" time="0.009">
    </testcase>
  </testsuite>
</testsuites>