<?xml version="1.0" encoding="UTF-8"?>
<testsuites name="jest tests" tests="25" failures="0" errors="0" time="10.49">
  <testsuite name="tests/list_cards.test.js" errors="0" failures="0" skipped="0" timestamp="2024-12-09T04:53:42" time="5.664" tests="15">
    <testcase classname="MCard Card Listing and Pagination" name="should list cards with default pagination" time="0.041">
    </testcase>
    <testcase classname="MCard Card Listing and Pagination" name="should support custom pagination" time="0.026">
    </testcase>
    <testcase classname="MCard Card Listing and Pagination" name="should validate list parameters" time="0.026">
    </testcase>
    <testcase classname="MCard Card Listing and Pagination" name="should handle out-of-range page numbers" time="0.021">
    </testcase>
    <testcase classname="MCard Card Listing and Pagination" name="should correctly calculate total pages and cards" time="0.1">
    </testcase>
    <testcase classname="MCard Card Listing and Pagination" name="should support various page sizes" time="0.068">
    </testcase>
    <testcase classname="MCard Card Listing and Pagination" name="should maintain card order across pages" time="0.067">
    </testcase>
    <testcase classname="MCard Card Listing and Pagination" name="should handle maximum page size limit" time="0.067">
    </testcase>
    <testcase classname="MCard Card Listing and Pagination" name="should provide accurate pagination metadata" time="0.068">
    </testcase>
    <testcase classname="MCard Card Listing and Pagination" name="should handle dynamic card count and pagination" time="0.022">
    </testcase>
    <testcase classname="MCard Card Listing and Pagination" name="should handle edge cases in pagination" time="0.017">
    </testcase>
    <testcase classname="MCard Card Listing and Pagination" name="should handle network or server errors gracefully" time="0.015">
    </testcase>
    <testcase classname="MCard Card Listing and Pagination" name="should support debug logging" time="0.015">
    </testcase>
    <testcase classname="MCard Large Scale and Binary Content Handling" name="should handle large number of binary content cards" time="0.332">
    </testcase>
    <testcase classname="MCard Large Scale and Binary Content Handling" name="should handle mixed content types with large files" time="0.017">
    </testcase>
  </testsuite>
  <testsuite name="tests/server_connection.test.js" errors="0" failures="0" skipped="0" timestamp="2024-12-09T04:53:48" time="2.408" tests="4">
    <testcase classname="MCard Server Connection" name="should connect to server health endpoint" time="0.004">
    </testcase>
    <testcase classname="MCard Server Connection" name="should create a simple card" time="0.006">
    </testcase>
    <testcase classname="MCard Server Connection" name="should retrieve a created card" time="0.009">
    </testcase>
    <testcase classname="MCard Server Connection" name="should delete a card" time="0.015">
    </testcase>
  </testsuite>
  <testsuite name="tests/error_handling.test.js" errors="0" failures="0" skipped="0" timestamp="2024-12-09T04:53:51" time="2.386" tests="6">
    <testcase classname="MCard Advanced Error Handling Tests › Content Validation Errors" name="should throw ValidationError for extremely long content" time="0.014">
    </testcase>
    <testcase classname="MCard Advanced Error Handling Tests › Content Type Validation" name="should detect binary content" time="0.004">
    </testcase>
    <testcase classname="MCard Advanced Error Handling Tests › Content Type Validation" name="should handle different content types" time="0.001">
    </testcase>
    <testcase classname="MCard Advanced Error Handling Tests › Content Type Validation" name="should handle unicode and special characters" time="0.007">
    </testcase>
    <testcase classname="MCard Advanced Error Handling Tests › Network-Related Error Handling" name="should handle network-related issues" time="0.011">
    </testcase>
    <testcase classname="MCard Advanced Error Handling Tests › Network-Related Error Handling" name="should throw AuthorizationError for missing API key" time="0.001">
    </testcase>
  </testsuite>
</testsuites>