<?xml version="1.0" encoding="UTF-8"?>
<testsuites name="jest tests" tests="2" failures="2" errors="0" time="0.19">
  <testsuite name="tests/env_validation.test.js" errors="0" failures="2" skipped="0" timestamp="2024-12-10T18:00:30" time="0.167" tests="2">
    <testcase classname="Environment Variable Validation" name="Environment variables should be defined and valid after initialization" time="0.001">
      <failure>Error: Server process is null
    at /Users/bkoo/Documents/Development/mcard-core/examples/bridge_to_javascript/tests/env_validation.test.js:35:28
    at new Promise (&lt;anonymous&gt;)
    at Object.&lt;anonymous&gt; (/Users/bkoo/Documents/Development/mcard-core/examples/bridge_to_javascript/tests/env_validation.test.js:28:19)
    at processTicksAndRejections (node:internal/process/task_queues:105:5)</failure>
    </testcase>
    <testcase classname="Environment Variable Validation" name="Configuration values should be accessible from the server" time="0.001">
      <failure>Error: Server process is null
    at /Users/bkoo/Documents/Development/mcard-core/examples/bridge_to_javascript/tests/env_validation.test.js:35:28
    at new Promise (&lt;anonymous&gt;)
    at Object.&lt;anonymous&gt; (/Users/bkoo/Documents/Development/mcard-core/examples/bridge_to_javascript/tests/env_validation.test.js:28:19)
    at processTicksAndRejections (node:internal/process/task_queues:105:5)</failure>
    </testcase>
  </testsuite>
</testsuites>