<?xml version="1.0" encoding="UTF-8"?>
<testsuites name="jest tests" tests="20" failures="0" errors="0" time="6.102">
  <testsuite name="tests/error-handling.test.js" errors="0" failures="0" skipped="0" timestamp="2024-12-08T06:13:06" time="1.773" tests="4">
    <testcase classname="MCard Client Error Handling › Input Validation" name="should reject null or undefined content" time="0.022">
    </testcase>
    <testcase classname="MCard Client Error Handling › Input Validation" name="should validate hash parameter" time="0.006">
    </testcase>
    <testcase classname="MCard Client Error Handling › Network Errors" name="should handle connection failures" time="0.009">
    </testcase>
    <testcase classname="MCard Client Error Handling › HTTP Status Errors" name="should handle 404 errors" time="0.008">
    </testcase>
  </testsuite>
  <testsuite name="tests/content.types.test.js" errors="0" failures="0" skipped="0" timestamp="2024-12-08T06:13:08" time="1.461" tests="6">
    <testcase classname="MCard Client Content Types › Text Content" name="should handle plain text" time="0.012">
    </testcase>
    <testcase classname="MCard Client Content Types › Text Content" name="should handle long text" time="0.014">
    </testcase>
    <testcase classname="MCard Client Content Types › Text Content" name="should handle special characters" time="0.012">
    </testcase>
    <testcase classname="MCard Client Content Types › Structured Content" name="should handle JSON objects" time="0.015">
    </testcase>
    <testcase classname="MCard Client Content Types › Structured Content" name="should handle complex nested structures" time="0.013">
    </testcase>
    <testcase classname="MCard Client Content Types › Binary Content" name="should handle base64 encoded binary" time="0.013">
    </testcase>
  </testsuite>
  <testsuite name="tests/metrics.test.js" errors="0" failures="0" skipped="0" timestamp="2024-12-08T06:13:09" time="1.401" tests="5">
    <testcase classname="MCard Client Metrics › Metrics Tracking" name="should track total requests" time="0.003">
    </testcase>
    <testcase classname="MCard Client Metrics › Metrics Tracking" name="should track successful and failed requests" time="0.009">
    </testcase>
    <testcase classname="MCard Client Metrics › Metrics Tracking" name="should track response times" time="0.004">
    </testcase>
    <testcase classname="MCard Client Metrics › Metrics Tracking" name="should reset metrics correctly" time="0.001">
    </testcase>
    <testcase classname="MCard Client Metrics › Metrics Tracking" name="should maintain request history in debug mode" time="0.009">
    </testcase>
  </testsuite>
  <testsuite name="tests/client.test.js" errors="0" failures="0" skipped="0" timestamp="2024-12-08T06:13:10" time="1.428" tests="5">
    <testcase classname="MCard Client Metrics › Metrics Tracking" name="should track total requests" time="0.004">
    </testcase>
    <testcase classname="MCard Client Metrics › Metrics Tracking" name="should track successful and failed requests" time="0.009">
    </testcase>
    <testcase classname="MCard Client Metrics › Metrics Tracking" name="should track response times" time="0.004">
    </testcase>
    <testcase classname="MCard Client Metrics › Metrics Tracking" name="should reset metrics correctly" time="0">
    </testcase>
    <testcase classname="MCard Client Metrics › Metrics Tracking" name="should maintain request history in debug mode" time="0.008">
    </testcase>
  </testsuite>
</testsuites>