<?xml version="1.0" encoding="UTF-8"?>
<testExecutions version="1">
  <file path="/Users/bkoo/Documents/Development/mcard-core/examples/bridge_to_javascript/tests/env_validation.test.js">
    <testCase name="Environment Variable Validation Environment variables should be defined and valid after initialization" duration="1">
      <failure message="Error: Server process is null"><![CDATA[Error: Server process is null
    at /Users/bkoo/Documents/Development/mcard-core/examples/bridge_to_javascript/tests/env_validation.test.js:35:28
    at new Promise (<anonymous>)
    at Object.<anonymous> (/Users/bkoo/Documents/Development/mcard-core/examples/bridge_to_javascript/tests/env_validation.test.js:28:19)
    at processTicksAndRejections (node:internal/process/task_queues:105:5)]]></failure>
    </testCase>
    <testCase name="Environment Variable Validation Configuration values should be accessible from the server" duration="1">
      <failure message="Error: Server process is null"><![CDATA[Error: Server process is null
    at /Users/bkoo/Documents/Development/mcard-core/examples/bridge_to_javascript/tests/env_validation.test.js:35:28
    at new Promise (<anonymous>)
    at Object.<anonymous> (/Users/bkoo/Documents/Development/mcard-core/examples/bridge_to_javascript/tests/env_validation.test.js:28:19)
    at processTicksAndRejections (node:internal/process/task_queues:105:5)]]></failure>
    </testCase>
  </file>
</testExecutions>