<?xml version="1.0" encoding="UTF-8"?>
<testExecutions version="1">
  <file path="/Users/bkoo/Documents/Development/mcard-core/examples/bridge_to_javascript/tests/client.consolidated.test.js">
    <testCase name="MCard Client Basic Operations should create, retrieve, and delete a card" duration="3077"/>
    <testCase name="MCard Client Basic Operations should handle text content properly" duration="23"/>
    <testCase name="MCard Client Basic Operations should handle structured content properly" duration="14"/>
    <testCase name="MCard Client Error Handling should handle invalid content gracefully" duration="6106"/>
    <testCase name="MCard Client Error Handling should handle non-existent card access" duration="6110"/>
    <testCase name="MCard Client Error Handling should handle missing hash parameter" duration="4"/>
    <testCase name="MCard Client Error Handling should handle retry exhaustion" duration="215"/>
    <testCase name="MCard Client Error Handling should handle other HTTP errors" duration="3058"/>
    <testCase name="MCard Client Error Handling should handle other errors in deleteCard" duration="3044"/>
    <testCase name="MCard Client Error Handling should handle errors with no response data" duration="3031"/>
    <testCase name="MCard Client Error Handling should handle errors with no response status" duration="3431"/>
    <testCase name="MCard Client Search and List Operations should list all cards with pagination" duration="6616"/>
    <testCase name="MCard Client Client Configuration should initialize with custom configuration" duration="8"/>
    <testCase name="MCard Client Client Configuration should normalize base URLs correctly" duration="1"/>
    <testCase name="MCard Client Error Handling and Retries should handle network errors" duration="211"/>
    <testCase name="MCard Client Error Handling and Retries should track metrics during errors" duration="107"/>
    <testCase name="MCard Client Metrics and Monitoring should track successful requests" duration="5"/>
    <testCase name="MCard Client Metrics and Monitoring should reset metrics correctly" duration="5"/>
    <testCase name="MCard Client Metrics and Monitoring should maintain request history" duration="4"/>
    <testCase name="MCard Client Metrics and Monitoring should handle request history limits" duration="21"/>
    <testCase name="MCard Client Input Validation should validate pagination parameters" duration="1"/>
    <testCase name="MCard Client Input Validation should validate card parameters" duration="1"/>
    <testCase name="MCard Client Metrics and History should track request history with debug mode" duration="8"/>
    <testCase name="MCard Client Metrics and History should handle empty responses" duration="3042"/>
    <testCase name="MCard Client Metrics and History should track failed requests in metrics" duration="3029"/>
    <testCase name="MCard Client Card Management should get all cards with pagination" duration="1187"/>
    <testCase name="MCard Client Card Management should handle empty response in getAllCards" duration="414"/>
    <testCase name="MCard Client Card Management should delete all cards" duration="632"/>
    <testCase name="MCard Client Card Management should handle errors in deleteCards" duration="3241"/>
    <testCase name="MCard Client URL Normalization should normalize URLs correctly" duration="2"/>
  </file>
  <file path="/Users/bkoo/Documents/Development/mcard-core/examples/bridge_to_javascript/tests/retry_cancellation.test.js">
    <testCase name="MCard Client Retry and Cancellation should handle retry exhaustion" duration="234"/>
    <testCase name="MCard Client Retry and Cancellation should handle empty responses" duration="3055"/>
    <testCase name="MCard Client Retry and Cancellation should track failed requests in metrics" duration="213"/>
    <testCase name="MCard Client Retry and Cancellation should handle request cancellation" duration="3"/>
  </file>
  <file path="/Users/bkoo/Documents/Development/mcard-core/examples/bridge_to_javascript/tests/client.content.test.js">
    <testCase name="MCard Client Content Tests Text Content should handle plain text content" duration="233"/>
    <testCase name="MCard Client Content Tests Text Content should handle large text content" duration="220"/>
    <testCase name="MCard Client Content Tests Text Content should handle text content with special characters" duration="217"/>
    <testCase name="MCard Client Content Tests Binary Content should handle small binary content" duration="216"/>
    <testCase name="MCard Client Content Tests Binary Content should handle large binary content" duration="774"/>
    <testCase name="MCard Client Content Tests Card Operations should list all cards with pagination" duration="224"/>
    <testCase name="MCard Client Content Tests Card Operations should delete specific cards" duration="3273"/>
    <testCase name="MCard Client Content Tests Card Operations should handle search functionality" duration="220"/>
  </file>
</testExecutions>