<?xml version="1.0" encoding="UTF-8"?>
<testExecutions version="1">
  <file path="/Users/bkoo/Documents/Development/mcard-core/examples/bridge_to_javascript/tests/enhanced-client.test.js">
    <testCase name="Enhanced MCard Client Error Handling should throw ValidationError for empty content" duration="13"/>
    <testCase name="Enhanced MCard Client Error Handling should throw ValidationError for extremely long content" duration="1"/>
    <testCase name="Enhanced MCard Client Error Handling should throw NotFoundError for non-existent card" duration="56"/>
    <testCase name="Enhanced MCard Client Error Handling should throw AuthorizationError for invalid API key" duration="3"/>
    <testCase name="Enhanced MCard Client Error Handling should throw NetworkError for network connectivity issues" duration="3"/>
    <testCase name="Enhanced MCard Client Error Handling should handle unexpected server errors" duration="5"/>
    <testCase name="Enhanced MCard Client Content Validation should validate content length" duration="0"/>
    <testCase name="Enhanced MCard Client Content Validation should allow custom content validators" duration="2"/>
    <testCase name="Enhanced MCard Client Content Validation should validate content with special characters" duration="1"/>
    <testCase name="Enhanced MCard Client Metrics Tracking should track successful requests" duration="1"/>
    <testCase name="Enhanced MCard Client Metrics Tracking should track failed requests" duration="2"/>
    <testCase name="Enhanced MCard Client Metrics Tracking should track multiple requests" duration="3"/>
    <testCase name="Enhanced MCard Client Metrics Tracking should reset metrics" duration="1"/>
    <testCase name="Enhanced MCard Client Logging should log debug information when debug is enabled" duration="1"/>
    <testCase name="Enhanced MCard Client Logging should not log debug information when debug is disabled" duration="1"/>
    <testCase name="Enhanced MCard Client Client Configuration should allow custom base URL" duration="1"/>
    <testCase name="Enhanced MCard Client Client Configuration should use default configuration when no options provided" duration="3"/>
    <testCase name="Enhanced MCard Client Client Configuration should allow custom timeout configuration" duration="0"/>
    <testCase name="Enhanced MCard Client Card Operations should create a card successfully" duration="1"/>
    <testCase name="Enhanced MCard Client Card Operations should get a card successfully" duration="1"/>
    <testCase name="Enhanced MCard Client Card Operations should delete a card successfully" duration="1"/>
    <testCase name="Enhanced MCard Client Card Operations should create a card with metadata" duration="1"/>
  </file>
</testExecutions>